=====================
INSTALLING FOR DEBIAN
=====================


WARNING: apt does not have a stable CLI interface. Use with caution in scripts.

Reading package lists...
Building dependency tree...
Reading state information...
python3 is already the newest version (3.11.2-1+b1).
python3-pip is already the newest version (23.0.1+dfsg-1).
0 upgraded, 0 newly installed, 0 to remove and 0 not upgraded.

--------------------


WARNING: apt does not have a stable CLI interface. Use with caution in scripts.

Reading package lists...
Building dependency tree...
Reading state information...
python3-pip is already the newest version (23.0.1+dfsg-1).
0 upgraded, 0 newly installed, 0 to remove and 0 not upgraded.

--------------------


WARNING: apt does not have a stable CLI interface. Use with caution in scripts.

Reading package lists...
Building dependency tree...
Reading state information...
php is already the newest version (2:8.2+93).
0 upgraded, 0 newly installed, 0 to remove and 0 not upgraded.

--------------------

Requirement already satisfied: requests in /usr/local/lib/python3.11/dist-packages (2.24.0)
Requirement already satisfied: chardet<4,>=3.0.2 in /usr/local/lib/python3.11/dist-packages (from requests) (3.0.4)
Requirement already satisfied: idna<3,>=2.5 in /usr/local/lib/python3.11/dist-packages (from requests) (2.10)
Requirement already satisfied: urllib3!=1.25.0,!=1.25.1,<1.26,>=1.21.1 in /usr/local/lib/python3.11/dist-packages (from requests) (1.25.11)
Requirement already satisfied: certifi>=2017.4.17 in /usr/local/lib/python3.11/dist-packages (from requests) (2020.6.20)
WARNING: Running pip as the 'root' user can result in broken permissions and conflicting behaviour with the system package manager. It is recommended to use a virtual environment instead: https://pip.pypa.io/warnings/venv

--------------------

Requirement already satisfied: packaging in /usr/lib/python3/dist-packages (23.0)
WARNING: Running pip as the 'root' user can result in broken permissions and conflicting behaviour with the system package manager. It is recommended to use a virtual environment instead: https://pip.pypa.io/warnings/venv

--------------------

=========
COMPLETED
=========

